[templates.iqonic.design/yofit/html/backend/index.html]
[backblue.gif]
[fade.gif]
[index.html]
[templates.iqonic.design/yofit/html/assets/vendor/chartist/chartist.css]
[templates.iqonic.design/yofit/html/assets/css/backend-plugin.min.css]
[templates.iqonic.design/yofit/html/assets/vendor/@fortawesome/fontawesome-free/css/all.min.css]
[templates.iqonic.design/yofit/html/assets/vendor/line-awesome/dist/line-awesome/css/line-awesome.min.css]
[templates.iqonic.design/yofit/html/assets/css/backende209.css]
[templates.iqonic.design/yofit/html/assets/vendor/remixicon/fonts/remixicon.css]
[templates.iqonic.design/yofit/html/backend/index-2.html]
[templates.iqonic.design/yofit/html/assets/images/logo.png]
[templates.iqonic.design/yofit/html/backend/trainers.html]
[templates.iqonic.design/yofit/html/backend/members.html]
[templates.iqonic.design/yofit/html/backend/payment.html]
[templates.iqonic.design/yofit/html/backend/ui-avatars.html]
[templates.iqonic.design/yofit/html/backend/ui-alerts.html]
[templates.iqonic.design/yofit/html/backend/ui-badges.html]
[templates.iqonic.design/yofit/html/backend/ui-breadcrumb.html]
[templates.iqonic.design/yofit/html/backend/calender.html]
[templates.iqonic.design/yofit/html/backend/ui-buttons.html]
[templates.iqonic.design/yofit/html/backend/ui-buttons-group.html]
[templates.iqonic.design/yofit/html/backend/ui-boxshadow.html]
[templates.iqonic.design/yofit/html/backend/ui-colors.html]
[templates.iqonic.design/yofit/html/backend/ui-cards.html]
[templates.iqonic.design/yofit/html/backend/ui-carousel.html]
[templates.iqonic.design/yofit/html/backend/ui-grid.html]
[templates.iqonic.design/yofit/html/backend/ui-helper-classes.html]
[templates.iqonic.design/yofit/html/backend/ui-images.html]
[templates.iqonic.design/yofit/html/backend/ui-list-group.html]
[templates.iqonic.design/yofit/html/backend/ui-media-object.html]
[templates.iqonic.design/yofit/html/backend/ui-modal.html]
[templates.iqonic.design/yofit/html/backend/ui-notifications.html]
[templates.iqonic.design/yofit/html/backend/ui-pagination.html]
[templates.iqonic.design/yofit/html/backend/ui-popovers.html]
[templates.iqonic.design/yofit/html/backend/ui-progressbars.html]
[templates.iqonic.design/yofit/html/backend/ui-typography.html]
[templates.iqonic.design/yofit/html/backend/ui-tabs.html]
[templates.iqonic.design/yofit/html/backend/ui-tooltips.html]
[templates.iqonic.design/yofit/html/backend/ui-embed-video.html]
[templates.iqonic.design/yofit/html/backend/auth-sign-in.html]
[templates.iqonic.design/yofit/html/backend/auth-sign-up.html]
[templates.iqonic.design/yofit/html/backend/auth-recoverpw.html]
[templates.iqonic.design/yofit/html/backend/auth-confirm-mail.html]
[templates.iqonic.design/yofit/html/backend/auth-lock-screen.html]
[templates.iqonic.design/yofit/html/backend/form-layout.html]
[templates.iqonic.design/yofit/html/backend/form-input-group.html]
[templates.iqonic.design/yofit/html/backend/form-validation.html]
[templates.iqonic.design/yofit/html/backend/form-switch.html]
[templates.iqonic.design/yofit/html/backend/form-chechbox.html]
[templates.iqonic.design/yofit/html/backend/form-radio.html]
[templates.iqonic.design/yofit/html/backend/form-textarea.html]
[templates.iqonic.design/yofit/html/backend/tables-basic.html]
[templates.iqonic.design/yofit/html/backend/table-data.html]
[templates.iqonic.design/yofit/html/backend/table-tree.html]
[templates.iqonic.design/yofit/html/backend/pricing-1.html]
[templates.iqonic.design/yofit/html/backend/pricing-2.html]
[templates.iqonic.design/yofit/html/backend/pages-invoice.html]
[templates.iqonic.design/yofit/html/backend/pages-error.html]
[templates.iqonic.design/yofit/html/backend/pages-error-500.html]
[templates.iqonic.design/yofit/html/backend/pages-blank-page.html]
[templates.iqonic.design/yofit/html/backend/pages-maintenance.html]
[templates.iqonic.design/yofit/html/assets/images/user/01.jpg]
[templates.iqonic.design/yofit/html/assets/images/user/02.jpg]
[templates.iqonic.design/yofit/html/assets/images/user/03.jpg]
[templates.iqonic.design/yofit/html/assets/images/user/1.png]
[templates.iqonic.design/yofit/html/assets/images/page-img/profile-bg.png]
[templates.iqonic.design/yofit/html/assets/images/layouts/yoga-bg.png]
[templates.iqonic.design/yofit/html/assets/images/layouts/yoga-girls.png]
[templates.iqonic.design/yofit/html/assets/images/profile/011.jpg]
[templates.iqonic.design/yofit/html/assets/images/profile/022.jpg]
[templates.iqonic.design/yofit/html/assets/images/profile/033.jpg]
[templates.iqonic.design/yofit/html/assets/images/profile/044.jpg]
[templates.iqonic.design/yofit/html/backend/privacy-policy.html]
[templates.iqonic.design/yofit/html/backend/terms-of-service.html]
[templates.iqonic.design/yofit/html/assets/js/table-treeview.js]
[templates.iqonic.design/yofit/html/assets/js/chart-custom.js]
[templates.iqonic.design/yofit/html/assets/js/charts/reports.js]
[templates.iqonic.design/yofit/html/assets/js/backend-bundle.min.js]
[templates.iqonic.design/yofit/html/assets/js/app.js]
[templates.iqonic.design/yofit/html/backend/index.html]
[templates.iqonic.design/yofit/html/assets/vendor/chartist/chartist.css]
[templates.iqonic.design/yofit/html/assets/vendor/moment.min.js]
[templates.iqonic.design/yofit/html/assets/images/sort_both.png]
[templates.iqonic.design/yofit/html/assets/images/sort_asc.png]
[templates.iqonic.design/yofit/html/assets/images/sort_desc.png]
[templates.iqonic.design/yofit/html/assets/images/sort_asc_disabled.png]
[templates.iqonic.design/yofit/html/assets/images/sort_desc_disabled.png]
[templates.iqonic.design/yofit/html/assets/css/backend-plugin.min.css]
[templates.iqonic.design/yofit/html/assets/js/charts/dashboard-1.js]
[templates.iqonic.design/yofit/html/assets/images/loader.gif]
[templates.iqonic.design/yofit/html/assets/css/backende209.css]
[templates.iqonic.design/yofit/html/assets/vendor/@fortawesome/fontawesome-free/css/all.min.css]
[templates.iqonic.design/yofit/html/assets/vendor/line-awesome/dist/line-awesome/css/line-awesome.min.css]
[templates.iqonic.design/yofit/html/assets/vendor/remixicon/fonts/remixicondf6d.woff2]
[templates.iqonic.design/yofit/html/assets/vendor/remixicon/fonts/remixicondf6d.eot]
[templates.iqonic.design/yofit/html/assets/vendor/remixicon/fonts/remixicondf6d.woff]
[templates.iqonic.design/yofit/html/assets/vendor/remixicon/fonts/remixicondf6d.ttf]
[templates.iqonic.design/yofit/html/assets/vendor/remixicon/fonts/remixicon.css]
[www.googletagmanager.com/gtm5445.html]
[templates.iqonic.design/yofit/html/backend/index-2.html]
[templates.iqonic.design/yofit/html/assets/images/profile/03.jpg]
[templates.iqonic.design/yofit/html/assets/images/profile/04.jpg]
[templates.iqonic.design/yofit/html/assets/images/profile/05.jpg]
[templates.iqonic.design/yofit/html/assets/vendor/remixicon/fonts/remixicondf6d.svg]
[templates.iqonic.design/yofit/html/assets/images/profile/06.jpg]
[templates.iqonic.design/yofit/html/assets/images/profile/02.jpg]
[templates.iqonic.design/yofit/html/assets/images/profile/01.jpg]
[templates.iqonic.design/yofit/html/backend/trainers.html]
[templates.iqonic.design/yofit/html/assets/js/charts/member.js]
[templates.iqonic.design/yofit/html/backend/members.html]
[templates.iqonic.design/yofit/html/assets/vendor/fullcalendar/core/main.css]
[templates.iqonic.design/yofit/html/assets/vendor/fullcalendar/daygrid/main.css]
[templates.iqonic.design/yofit/html/assets/vendor/fullcalendar/timegrid/main.css]
[templates.iqonic.design/yofit/html/assets/vendor/fullcalendar/list/main.css]
[templates.iqonic.design/yofit/html/assets/vendor/fullcalendar/daygrid/main.js]
[templates.iqonic.design/yofit/html/assets/vendor/fullcalendar/core/main.js]
[templates.iqonic.design/yofit/html/assets/vendor/fullcalendar/timegrid/main.js]
[templates.iqonic.design/yofit/html/assets/vendor/fullcalendar/list/main.js]
[templates.iqonic.design/yofit/html/backend/calender.html]
[templates.iqonic.design/yofit/html/assets/vendor/fullcalendar/interaction/main.js]
[templates.iqonic.design/yofit/html/assets/images/profile/07.jpg]
[templates.iqonic.design/yofit/html/assets/images/profile/08.jpg]
[templates.iqonic.design/yofit/html/assets/images/profile/09.jpg]
[templates.iqonic.design/yofit/html/assets/images/profile/10.jpg]
[templates.iqonic.design/yofit/html/assets/images/profile/11.jpg]
[templates.iqonic.design/yofit/html/backend/payment.html]
[templates.iqonic.design/yofit/html/assets/images/user/i1.jpg]
[templates.iqonic.design/yofit/html/assets/images/user/05.jpg]
[templates.iqonic.design/yofit/html/assets/images/user/06.jpg]
[templates.iqonic.design/yofit/html/assets/images/user/07.jpg]
[templates.iqonic.design/yofit/html/backend/ui-avatars.html]
[templates.iqonic.design/yofit/html/backend/ui-alerts.html]
[templates.iqonic.design/yofit/html/backend/ui-badges.html]
[templates.iqonic.design/yofit/html/backend/ui-breadcrumb.html]
[templates.iqonic.design/yofit/html/backend/ui-buttons.html]
[templates.iqonic.design/yofit/html/backend/ui-buttons-group.html]
[templates.iqonic.design/yofit/html/backend/ui-boxshadow.html]
[templates.iqonic.design/yofit/html/backend/ui-colors.html]
[templates.iqonic.design/yofit/html/assets/images/page-img/07.jpg]
[templates.iqonic.design/yofit/html/assets/images/page-img/08.jpg]
[templates.iqonic.design/yofit/html/assets/images/page-img/09.jpg]
[templates.iqonic.design/yofit/html/backend/ui-cards.html]
[templates.iqonic.design/yofit/html/assets/images/small/img-1.jpg]
[templates.iqonic.design/yofit/html/backend/ui-carousel.html]
[templates.iqonic.design/yofit/html/backend/ui-grid.html]
[templates.iqonic.design/yofit/html/backend/ui-helper-classes.html]
[templates.iqonic.design/yofit/html/assets/images/page-img/15.jpg]
[templates.iqonic.design/yofit/html/assets/images/page-img/16.jpg]
[templates.iqonic.design/yofit/html/assets/images/page-img/17.jpg]
[templates.iqonic.design/yofit/html/assets/images/page-img/18.jpg]
[templates.iqonic.design/yofit/html/assets/images/page-img/19.jpg]
[templates.iqonic.design/yofit/html/assets/images/page-img/20.jpg]
[templates.iqonic.design/yofit/html/assets/images/page-img/10.jpg]
[templates.iqonic.design/yofit/html/assets/images/page-img/11.jpg]
[templates.iqonic.design/yofit/html/assets/images/page-img/12.jpg]
[templates.iqonic.design/yofit/html/assets/images/page-img/13.jpg]
[templates.iqonic.design/yofit/html/assets/images/page-img/14.jpg]
[templates.iqonic.design/yofit/html/assets/images/page-img/21.jpg]
[templates.iqonic.design/yofit/html/assets/images/page-img/22.jpg]
[templates.iqonic.design/yofit/html/assets/images/page-img/23.jpg]
[templates.iqonic.design/yofit/html/assets/images/page-img/24.jpg]
[templates.iqonic.design/yofit/html/backend/ui-images.html]
[templates.iqonic.design/yofit/html/backend/ui-list-group.html]
[templates.iqonic.design/yofit/html/backend/ui-media-object.html]
[templates.iqonic.design/yofit/html/backend/ui-modal.html]
[templates.iqonic.design/yofit/html/backend/ui-notifications.html]
[templates.iqonic.design/yofit/html/backend/ui-pagination.html]
[templates.iqonic.design/yofit/html/backend/ui-popovers.html]
[templates.iqonic.design/yofit/html/backend/ui-progressbars.html]
[templates.iqonic.design/yofit/html/backend/ui-typography.html]
[templates.iqonic.design/yofit/html/backend/ui-tabs.html]
[templates.iqonic.design/yofit/html/backend/ui-tooltips.html]
[templates.iqonic.design/yofit/html/backend/ui-embed-video.html]
[templates.iqonic.design/yofit/html/assets/images/login/01.png]
[templates.iqonic.design/yofit/html/backend/auth-sign-in.html]
[templates.iqonic.design/yofit/html/backend/auth-sign-up.html]
[templates.iqonic.design/yofit/html/backend/auth-recoverpw.html]
[templates.iqonic.design/yofit/html/assets/images/login/mail.png]
[templates.iqonic.design/yofit/html/backend/auth-confirm-mail.html]
[templates.iqonic.design/yofit/html/backend/auth-lock-screen.html]
[templates.iqonic.design/yofit/html/backend/form-layout.html]
[templates.iqonic.design/yofit/html/backend/form-input-group.html]
[templates.iqonic.design/yofit/html/backend/form-validation.html]
[templates.iqonic.design/yofit/html/backend/form-switch.html]
[templates.iqonic.design/yofit/html/backend/form-chechbox.html]
[templates.iqonic.design/yofit/html/backend/form-radio.html]
[templates.iqonic.design/yofit/html/backend/form-textarea.html]
[templates.iqonic.design/yofit/html/backend/tables-basic.html]
[templates.iqonic.design/yofit/html/backend/table-data.html]
[templates.iqonic.design/yofit/html/backend/table-tree.html]
[templates.iqonic.design/yofit/html/backend/pricing-1.html]
[templates.iqonic.design/yofit/html/backend/pricing-2.html]
[templates.iqonic.design/yofit/html/backend/pages-invoice.html]
[templates.iqonic.design/yofit/html/assets/images/error/404.png]
[templates.iqonic.design/yofit/html/backend/pages-error.html]
[templates.iqonic.design/yofit/html/assets/images/error/500.png]
[templates.iqonic.design/yofit/html/backend/pages-error-500.html]
[templates.iqonic.design/yofit/html/backend/pages-blank-page.html]
[templates.iqonic.design/yofit/html/assets/images/error/02.png]
[templates.iqonic.design/yofit/html/backend/pages-maintenance.html]
[templates.iqonic.design/yofit/html/backend/privacy-policy.html]
[templates.iqonic.design/yofit/html/backend/terms-of-service.html]
[templates.iqonic.design/yofit/html/assets/vendor/remixicon/fonts/remixicondf6d.svg]
[templates.iqonic.design/yofit/html/assets/vendor/fullcalendar/core/main.css]
[templates.iqonic.design/yofit/html/assets/vendor/fullcalendar/daygrid/main.css]
[templates.iqonic.design/yofit/html/assets/vendor/fullcalendar/timegrid/main.css]
[templates.iqonic.design/yofit/html/assets/vendor/fullcalendar/list/main.css]
